C51 COMPILER V9.00   USART_51                                                              12/11/2018 16:07:24 PAGE 1   


C51 COMPILER V9.00, COMPILATION OF MODULE USART_51
OBJECT MODULE PLACED IN .\Output\usart_51.obj
COMPILER INVOKED BY: C:\Keil\C51\BIN\C51.EXE drv\usart_51.c OPTIMIZE(0,SPEED) BROWSE INCDIR(.\Include;.\Code;.\drv) DEFI
                    -NE(FOSC_160000) DEBUG OBJECTEXTEND PRINT(.\LST\usart_51.lst) OBJECT(.\Output\usart_51.obj)

line level    source

   1          #include "main.h"
   2          
   3          xdata DMX_TypeDef DMX_RegStructure;
   4          xdata DMX_Type DMX_Reg;
   5          
   6          


MODULE INFORMATION:   STATIC OVERLAYABLE
   CODE SIZE        =   ----    ----
   CONSTANT SIZE    =   ----    ----
   XDATA SIZE       =     79    ----
   PDATA SIZE       =   ----    ----
   DATA SIZE        =   ----    ----
   IDATA SIZE       =   ----    ----
   BIT SIZE         =   ----    ----
END OF MODULE INFORMATION.


C51 COMPILATION COMPLETE.  0 WARNING(S),  0 ERROR(S)
