C51 COMPILER V9.00   WX_I2C_51                                                             07/01/2019 15:07:35 PAGE 1   


C51 COMPILER V9.00, COMPILATION OF MODULE WX_I2C_51
OBJECT MODULE PLACED IN .\Output\wx_i2c_51.obj
COMPILER INVOKED BY: C:\Keil\C51\BIN\C51.EXE drv\wx_i2c_51.c OPTIMIZE(0,SPEED) BROWSE INCDIR(.\Include;.\Code;.\drv;..\.
                    -.\app\drive) DEFINE(FOSC_160000) DEBUG OBJECTEXTEND PRINT(.\LST\wx_i2c_51.lst) OBJECT(.\Output\wx_i2c_51.obj)

line level    source

   1          #include "main.h"
   2          
   3           //WIFI-DMX.COM
   4          
   5          xdata uint8_t Data[FMC_DAT_Length+10];
   6          xdata uint8_t j=0,u32Data=0;
   7          
   8          
   9          //void FLSH_Write(void){
  10          //    for(j = 0; j < FMC_DAT_Length; j++)
  11          //      {
  12          //              write_DATAFLASH_BYTE(DATA_START_ADDR,Data[j]);
  13          //    } 
  14          //}
  15          
  16          //void FLSH_Read(void){
  17          //      for(j = 0; j < FMC_DAT_Length; j++){  
  18          //              Data[j]=read_APROM_BYTE(DATA_START_ADDR+j);
  19          //      }
  20          //}
  21          
  22          uint8_t IIC_Write(uint16_t xdata Address,uint8_t xdata ByteData){
  23   1      //   Data[Address]=ByteData;
  24   1         write_DATAFLASH_BYTE(Address,ByteData);
  25   1         return 1;
  26   1      }
  27          
  28          uint8_t IIC_Read(UINT16 code *Address){
  29   1      //      return Data[Address];
  30   1              return read_APROM_BYTE(Address);
  31   1      }
  32          
  33          
  34          void IIC_WriteAddress(void){ 
  35   1          IIC_Write(IIC_ADDRESS_DMXADDRH,(uint8_t)(Memory_Struct.Memory_Addr>>8));
  36   1          IIC_Write(IIC_ADDRESS_DMXADDRL,(uint8_t)Memory_Struct.Memory_Addr);
  37   1      //      FLSH_Write();
  38   1      }
  39          
  40          void IIC_WriteColoLumValue(void){
  41   1          
  42   1              IIC_Write(IIC_ADDRESS_RedLumValue ,(uint8_t)LED_RegStructure.RedLumValue);
  43   1          IIC_Write(IIC_ADDRESS_GreenLumValue ,(uint8_t)LED_RegStructure.GreenLumValue);
  44   1          IIC_Write(IIC_ADDRESS_BlueLumValue ,(uint8_t)LED_RegStructure.BlueLumValue);
  45   1          IIC_Write(IIC_ADDRESS_WhiteLumValue ,(uint8_t)LED_RegStructure.WhiteLumValue);
  46   1          IIC_Write(IIC_ADDRESS_YellowLumValue ,(uint8_t)LED_RegStructure.YellowLumValue);
  47   1              IIC_Write(IIC_ADDRESS_PurpleLumValue ,(uint8_t)LED_RegStructure.PurpleLumValue);
  48   1      
  49   1              IIC_Write(IIC_ADDRESS_Stob ,(uint8_t)Memory_Struct.Memory_Stob);
  50   1      
  51   1              IIC_Write(IIC_ADDRESS_CalibrationsRed ,(uint8_t)Memory_Struct.Memory_CalibrationsRed);
  52   1          IIC_Write(IIC_ADDRESS_CalibrationsGreen ,(uint8_t)Memory_Struct.Memory_CalibrationsGreen);
  53   1              IIC_Write(IIC_ADDRESS_CalibrationsBlue ,(uint8_t)Memory_Struct.Memory_CalibrationsBlue);
  54   1              IIC_Write(IIC_ADDRESS_CalibrationsWhite ,(uint8_t)Memory_Struct.Memory_CalibrationsWhite);
C51 COMPILER V9.00   WX_I2C_51                                                             07/01/2019 15:07:35 PAGE 2   

  55   1              IIC_Write(IIC_ADDRESS_CalibrationsYellow ,(uint8_t)Memory_Struct.Memory_CalibrationsYellow);
  56   1          IIC_Write(IIC_ADDRESS_CalibrationsPurple ,(uint8_t)Memory_Struct.Memory_CalibrationsPurple);
  57   1      
  58   1              IIC_Write(IIC_ADDRESS_AllLumValue ,(uint8_t)LED_RegStructure.AllLumValue);  
  59   1      //      FLSH_Write();
  60   1      }
  61          
  62          void IIC_WriteHcl(void){ 
  63   1          IIC_Write(IIC_ADDRESS_Hcl ,(uint8_t)Memory_Struct.Memory_Hcl);
  64   1      //      FLSH_Write();
  65   1      }
  66          
  67          void IIC_WriteFade(void){
  68   1              IIC_Write(IIC_ADDRESS_Fade ,(uint8_t)Memory_Struct.Memory_Fade);   
  69   1      }
  70          
  71          void IIC_WriteLed(void){ 
  72   1          IIC_Write(IIC_ADDRESS_LED ,(uint8_t)Memory_Struct.Memory_LED);
  73   1              IIC_Write(IIC_ADDRESS_BACKLED,(uint8_t)Memory_Struct.Memory_BACKLED);
  74   1      //      FLSH_Write();      
  75   1      }
  76          
  77          void IIC_WriteSoud(void){ 
  78   1          IIC_Write(IIC_ADDRESS_SOUD ,(uint8_t)Memory_Struct.Memory_Soud);   
  79   1      //      FLSH_Write();
  80   1      }
  81          
  82          void IIC_WriteSose(void){ 
  83   1          IIC_Write(IIC_ADDRESS_SOSE ,(uint8_t)Memory_Struct.Memory_Sose);   
  84   1      //      FLSH_Write();
  85   1      }
  86          
  87          void IIC_WriteSysState(void){ 
  88   1              IIC_Write(IIC_ADDRESS_SysState ,(uint8_t)SYS_State);
  89   1              IIC_Write(IIC_ADDRESS_SysStateBuf ,(uint8_t)SYS_StateBuf);  
  90   1      //      FLSH_Write();
  91   1      }
  92          
  93          void IIC_WriteChan(void){ 
  94   1              IIC_Write(IIC_ADDRESS_Chan ,(uint8_t)Memory_Struct.Memory_Chan);  
  95   1      //      FLSH_Write();
  96   1      }
  97          
  98          void IIC_WriteInverse(void){ 
  99   1              IIC_Write(IIC_ADDRESS_NoDMXStatus ,(uint8_t)Memory_Struct.Memory_NoDMXStatus);  
 100   1      //      FLSH_Write();
 101   1      }
 102          
 103          void IIC_WriteDimmer(void){ 
 104   1              IIC_Write(IIC_ADDRESS_Dimmer ,(uint8_t)Memory_Struct.Memory_Dimmer);  
 105   1      //      FLSH_Write();
 106   1      }
 107           
 108          void IIC_WriteFactory(void){  
 109   1              IIC_Write(IIC_ADDRESS_MARK,0xA6);
 110   1              IIC_WriteAddress();
 111   1              IIC_WriteLed();
 112   1              IIC_WriteSysState();
 113   1              IIC_WriteHcl();
 114   1              IIC_WriteFade();
 115   1      
 116   1              IIC_WriteChan();
C51 COMPILER V9.00   WX_I2C_51                                                             07/01/2019 15:07:35 PAGE 3   

 117   1      
 118   1              IIC_WriteSose();
 119   1              IIC_WriteSoud();
 120   1      
 121   1              IIC_WriteInverse();
 122   1              IIC_WriteDimmer();
 123   1              IIC_WriteColoLumValue();
 124   1      }
 125          
 126          void IIC_Eprom_Config(void)
 127          {
 128   1      //  SetDataFlashBase(FLSH_DAT_ADDR_BASE);
 129   1      //      FLSH_Read();
 130   1          if(IIC_Read(IIC_ADDRESS_MARK)!=0xA6) //≥ı ºªØ
 131   1          {
 132   2                      IIC_WriteFactory();
 133   2              }
 134   1              else
 135   1              {
 136   2                      Memory_Struct.Memory_Addr=IIC_Read(IIC_ADDRESS_DMXADDRH)<<8;
 137   2                      Memory_Struct.Memory_Addr|=IIC_Read(IIC_ADDRESS_DMXADDRL);
 138   2                      LED_RegStructure.RedLumValue=IIC_Read(IIC_ADDRESS_RedLumValue);
 139   2                      LED_RegStructure.GreenLumValue=IIC_Read(IIC_ADDRESS_GreenLumValue);
 140   2                      LED_RegStructure.BlueLumValue=IIC_Read(IIC_ADDRESS_BlueLumValue);
 141   2                      LED_RegStructure.WhiteLumValue=IIC_Read(IIC_ADDRESS_WhiteLumValue);
 142   2                      LED_RegStructure.YellowLumValue=IIC_Read(IIC_ADDRESS_YellowLumValue);
 143   2                      LED_RegStructure.PurpleLumValue=IIC_Read(IIC_ADDRESS_PurpleLumValue);
 144   2      
 145   2                      Memory_Struct.Memory_Hcl=IIC_Read(IIC_ADDRESS_Hcl);
 146   2                      Memory_Struct.Memory_Stob=IIC_Read(IIC_ADDRESS_Stob);
 147   2                      Memory_Struct.Memory_Fade=IIC_Read(IIC_ADDRESS_Fade);
 148   2                      
 149   2                      Memory_Struct.Memory_LED=IIC_Read(IIC_ADDRESS_LED);
 150   2                      Memory_Struct.Memory_Soud=IIC_Read(IIC_ADDRESS_SOUD);
 151   2                      Memory_Struct.Memory_Sose=IIC_Read(IIC_ADDRESS_SOSE);
 152   2                      LED_RegStructure.AllLumValue=IIC_Read(IIC_ADDRESS_AllLumValue);
 153   2      
 154   2                      Memory_Struct.Memory_Chan=(Channel_Type)IIC_Read(IIC_ADDRESS_Chan);
 155   2                              
 156   2                      Memory_Struct.Memory_BACKLED=IIC_Read(IIC_ADDRESS_BACKLED);
 157   2                      SYS_State=(SYS_Typedef)IIC_Read(IIC_ADDRESS_SysState);
 158   2                      SYS_StateBuf=(SYS_Typedef)IIC_Read(IIC_ADDRESS_SysStateBuf);     
 159   2      
 160   2                      Memory_Struct.Memory_Dimmer=IIC_Read(IIC_ADDRESS_Dimmer);
 161   2                      Memory_Struct.Memory_NoDMXStatus=IIC_Read(IIC_ADDRESS_NoDMXStatus);
 162   2      
 163   2                      Memory_Struct.Memory_CalibrationsRed=IIC_Read(IIC_ADDRESS_CalibrationsRed);
 164   2                      Memory_Struct.Memory_CalibrationsGreen=IIC_Read(IIC_ADDRESS_CalibrationsGreen);
 165   2                      Memory_Struct.Memory_CalibrationsBlue=IIC_Read(IIC_ADDRESS_CalibrationsBlue);
 166   2                      Memory_Struct.Memory_CalibrationsWhite=IIC_Read(IIC_ADDRESS_CalibrationsWhite);
 167   2                      Memory_Struct.Memory_CalibrationsYellow=IIC_Read(IIC_ADDRESS_CalibrationsYellow);
 168   2                      Memory_Struct.Memory_CalibrationsPurple=IIC_Read(IIC_ADDRESS_CalibrationsPurple);
 169   2      
 170   2                      
 171   2                      LCM_LIGHT_ON;
 172   2                      SysBuf=SYS_State;
 173   2                      
 174   2                      Memory_Stob=Memory_Struct.Memory_Stob;
 175   2      
 176   2                      PurpleLumValue=LED_RegStructure.PurpleLumValue;
 177   2                      YellowLumValue=LED_RegStructure.YellowLumValue;
 178   2                      WhiteLumValue=LED_RegStructure.WhiteLumValue;
C51 COMPILER V9.00   WX_I2C_51                                                             07/01/2019 15:07:35 PAGE 4   

 179   2                      BlueLumValue=LED_RegStructure.BlueLumValue;
 180   2                      GreenLumValue=LED_RegStructure.GreenLumValue;
 181   2                      RedLumValue=LED_RegStructure.RedLumValue;
 182   2                 
 183   2              }    
 184   1      }
 185          
 186          /*******************************************************************************************************
 187                                           end  file!!!
 188          ********************************************************************************************************/
 189          


MODULE INFORMATION:   STATIC OVERLAYABLE
   CODE SIZE        =   1108    ----
   CONSTANT SIZE    =   ----    ----
   XDATA SIZE       =     72    ----
   PDATA SIZE       =   ----    ----
   DATA SIZE        =      5    ----
   IDATA SIZE       =   ----    ----
   BIT SIZE         =   ----    ----
END OF MODULE INFORMATION.


C51 COMPILATION COMPLETE.  0 WARNING(S),  0 ERROR(S)
